2016-08-03 11:59:01.756  INFO [consumer,,,] 9926 --- [main] fr.talend.logs.Consumer                  : No active profile set, falling back to default profiles: default
2016-08-03 11:59:01.830  INFO [consumer,,,] 9926 --- [main] ationConfigEmbeddedWebApplicationContext : Refreshing org.springframework.boot.context.embedded.AnnotationConfigEmbeddedWebApplicationContext@57ad2aa7: startup date [Wed Aug 03 11:59:01 CEST 2016]; parent: org.springframework.context.annotation.AnnotationConfigApplicationContext@7a52f2a2
2016-08-03 11:59:03.541  WARN [consumer,,,] 9926 --- [main] o.s.c.a.ConfigurationClassPostProcessor  : Cannot enhance @Configuration bean definition 'refreshScope' since its singleton instance has been created too early. The typical cause is a non-static @Bean method with a BeanDefinitionRegistryPostProcessor return type: Consider declaring such methods as 'static'.
2016-08-03 11:59:03.695  INFO [consumer,,,] 9926 --- [main] o.s.cloud.context.scope.GenericScope     : BeanFactory id=b72bcf1e-7f6d-3877-b2f3-9c03ed639b1f
2016-08-03 11:59:03.718  INFO [consumer,,,] 9926 --- [main] trationDelegate$BeanPostProcessorChecker : Bean 'org.springframework.cloud.sleuth.instrument.async.AsyncDefaultAutoConfiguration$DefaultAsyncConfigurerSupport' of type [class org.springframework.cloud.sleuth.instrument.async.AsyncDefaultAutoConfiguration$DefaultAsyncConfigurerSupport$$EnhancerBySpringCGLIB$$841aab9e] is not eligible for getting processed by all BeanPostProcessors (for example: not eligible for auto-proxying)
2016-08-03 11:59:03.960  INFO [consumer,,,] 9926 --- [main] trationDelegate$BeanPostProcessorChecker : Bean 'org.springframework.cloud.autoconfigure.ConfigurationPropertiesRebinderAutoConfiguration' of type [class org.springframework.cloud.autoconfigure.ConfigurationPropertiesRebinderAutoConfiguration$$EnhancerBySpringCGLIB$$62f310d8] is not eligible for getting processed by all BeanPostProcessors (for example: not eligible for auto-proxying)
2016-08-03 11:59:03.986  INFO [consumer,,,] 9926 --- [main] trationDelegate$BeanPostProcessorChecker : Bean 'org.springframework.cloud.autoconfigure.RefreshEndpointAutoConfiguration' of type [class org.springframework.cloud.autoconfigure.RefreshEndpointAutoConfiguration$$EnhancerBySpringCGLIB$$c5212ce] is not eligible for getting processed by all BeanPostProcessors (for example: not eligible for auto-proxying)
2016-08-03 11:59:04.395  INFO [consumer,,,] 9926 --- [main] s.b.c.e.t.TomcatEmbeddedServletContainer : Tomcat initialized with port(s): 8082 (http)
2016-08-03 11:59:04.413  INFO [consumer,,,] 9926 --- [main] o.apache.catalina.core.StandardService   : Starting service Tomcat
2016-08-03 11:59:04.415  INFO [consumer,,,] 9926 --- [main] org.apache.catalina.core.StandardEngine  : Starting Servlet Engine: Apache Tomcat/8.0.33
2016-08-03 11:59:04.562  INFO [consumer,,,] 9926 --- [localhost-startStop-1] o.a.c.c.C.[Tomcat].[localhost].[/]       : Initializing Spring embedded WebApplicationContext
2016-08-03 11:59:04.563  INFO [consumer,,,] 9926 --- [localhost-startStop-1] o.s.web.context.ContextLoader            : Root WebApplicationContext: initialization completed in 2733 ms
2016-08-03 11:59:05.892  INFO [consumer,,,] 9926 --- [localhost-startStop-1] o.s.b.c.e.ServletRegistrationBean        : Mapping servlet: 'dispatcherServlet' to [/]
2016-08-03 11:59:05.900  INFO [consumer,,,] 9926 --- [localhost-startStop-1] o.s.b.c.embedded.FilterRegistrationBean  : Mapping filter: 'metricFilter' to: [/*]
2016-08-03 11:59:05.901  INFO [consumer,,,] 9926 --- [localhost-startStop-1] o.s.b.c.embedded.FilterRegistrationBean  : Mapping filter: 'characterEncodingFilter' to: [/*]
2016-08-03 11:59:05.901  INFO [consumer,,,] 9926 --- [localhost-startStop-1] o.s.b.c.embedded.FilterRegistrationBean  : Mapping filter: 'traceFilter' to: [/*]
2016-08-03 11:59:05.901  INFO [consumer,,,] 9926 --- [localhost-startStop-1] o.s.b.c.embedded.FilterRegistrationBean  : Mapping filter: 'hiddenHttpMethodFilter' to: [/*]
2016-08-03 11:59:05.901  INFO [consumer,,,] 9926 --- [localhost-startStop-1] o.s.b.c.embedded.FilterRegistrationBean  : Mapping filter: 'httpPutFormContentFilter' to: [/*]
2016-08-03 11:59:05.901  INFO [consumer,,,] 9926 --- [localhost-startStop-1] o.s.b.c.embedded.FilterRegistrationBean  : Mapping filter: 'requestContextFilter' to: [/*]
2016-08-03 11:59:05.901  INFO [consumer,,,] 9926 --- [localhost-startStop-1] o.s.b.c.embedded.FilterRegistrationBean  : Mapping filter: 'webRequestLoggingFilter' to: [/*]
2016-08-03 11:59:05.901  INFO [consumer,,,] 9926 --- [localhost-startStop-1] o.s.b.c.embedded.FilterRegistrationBean  : Mapping filter: 'loggerFilter' to: [/*]
2016-08-03 11:59:05.901  INFO [consumer,,,] 9926 --- [localhost-startStop-1] o.s.b.c.embedded.FilterRegistrationBean  : Mapping filter: 'applicationContextIdFilter' to: [/*]
2016-08-03 11:59:06.211  INFO [consumer,,,] 9926 --- [main] s.w.s.m.m.a.RequestMappingHandlerAdapter : Looking for @ControllerAdvice: org.springframework.boot.context.embedded.AnnotationConfigEmbeddedWebApplicationContext@57ad2aa7: startup date [Wed Aug 03 11:59:01 CEST 2016]; parent: org.springframework.context.annotation.AnnotationConfigApplicationContext@7a52f2a2
2016-08-03 11:59:06.333  INFO [consumer,,,] 9926 --- [main] s.w.s.m.m.a.RequestMappingHandlerMapping : Mapped "{[/person],methods=[POST]}" onto public void fr.talend.logs.controller.MessageConsumerRestController.addPerson(fr.talend.logs.model.Person)
2016-08-03 11:59:06.348  INFO [consumer,,,] 9926 --- [main] s.w.s.m.m.a.RequestMappingHandlerMapping : Mapped "{[/error],produces=[text/html]}" onto public org.springframework.web.servlet.ModelAndView org.springframework.boot.autoconfigure.web.BasicErrorController.errorHtml(javax.servlet.http.HttpServletRequest,javax.servlet.http.HttpServletResponse)
2016-08-03 11:59:06.349  INFO [consumer,,,] 9926 --- [main] s.w.s.m.m.a.RequestMappingHandlerMapping : Mapped "{[/error]}" onto public org.springframework.http.ResponseEntity<java.util.Map<java.lang.String, java.lang.Object>> org.springframework.boot.autoconfigure.web.BasicErrorController.error(javax.servlet.http.HttpServletRequest)
2016-08-03 11:59:06.419  INFO [consumer,,,] 9926 --- [main] o.s.w.s.handler.SimpleUrlHandlerMapping  : Mapped URL path [/webjars/**] onto handler of type [class org.springframework.web.servlet.resource.ResourceHttpRequestHandler]
2016-08-03 11:59:06.420  INFO [consumer,,,] 9926 --- [main] o.s.w.s.handler.SimpleUrlHandlerMapping  : Mapped URL path [/**] onto handler of type [class org.springframework.web.servlet.resource.ResourceHttpRequestHandler]
2016-08-03 11:59:06.491  INFO [consumer,,,] 9926 --- [main] o.s.w.s.handler.SimpleUrlHandlerMapping  : Mapped URL path [/**/favicon.ico] onto handler of type [class org.springframework.web.servlet.resource.ResourceHttpRequestHandler]
2016-08-03 11:59:07.094  INFO [consumer,,,] 9926 --- [main] o.s.b.a.e.mvc.EndpointHandlerMapping     : Mapped "{[/env],methods=[POST]}" onto public java.lang.Object org.springframework.cloud.context.environment.EnvironmentManagerMvcEndpoint.value(java.util.Map<java.lang.String, java.lang.String>)
2016-08-03 11:59:07.094  INFO [consumer,,,] 9926 --- [main] o.s.b.a.e.mvc.EndpointHandlerMapping     : Mapped "{[/env/reset],methods=[POST]}" onto public java.util.Map<java.lang.String, java.lang.Object> org.springframework.cloud.context.environment.EnvironmentManagerMvcEndpoint.reset()
2016-08-03 11:59:07.095  INFO [consumer,,,] 9926 --- [main] o.s.b.a.e.mvc.EndpointHandlerMapping     : Mapped "{[/health || /health.json],produces=[application/json]}" onto public java.lang.Object org.springframework.boot.actuate.endpoint.mvc.HealthMvcEndpoint.invoke(java.security.Principal)
2016-08-03 11:59:07.095  INFO [consumer,,,] 9926 --- [main] o.s.b.a.e.mvc.EndpointHandlerMapping     : Mapped "{[/pause || /pause.json],methods=[POST]}" onto public java.lang.Object org.springframework.cloud.endpoint.GenericPostableMvcEndpoint.invoke()
2016-08-03 11:59:07.096  INFO [consumer,,,] 9926 --- [main] o.s.b.a.e.mvc.EndpointHandlerMapping     : Mapped "{[/trace || /trace.json],methods=[GET],produces=[application/json]}" onto public java.lang.Object org.springframework.boot.actuate.endpoint.mvc.EndpointMvcAdapter.invoke()
2016-08-03 11:59:07.096  INFO [consumer,,,] 9926 --- [main] o.s.b.a.e.mvc.EndpointHandlerMapping     : Mapped "{[/dump || /dump.json],methods=[GET],produces=[application/json]}" onto public java.lang.Object org.springframework.boot.actuate.endpoint.mvc.EndpointMvcAdapter.invoke()
2016-08-03 11:59:07.099  INFO [consumer,,,] 9926 --- [main] o.s.b.a.e.mvc.EndpointHandlerMapping     : Mapped "{[/env/{name:.*}],methods=[GET],produces=[application/json]}" onto public java.lang.Object org.springframework.boot.actuate.endpoint.mvc.EnvironmentMvcEndpoint.value(java.lang.String)
2016-08-03 11:59:07.099  INFO [consumer,,,] 9926 --- [main] o.s.b.a.e.mvc.EndpointHandlerMapping     : Mapped "{[/env || /env.json],methods=[GET],produces=[application/json]}" onto public java.lang.Object org.springframework.boot.actuate.endpoint.mvc.EndpointMvcAdapter.invoke()
2016-08-03 11:59:07.100  INFO [consumer,,,] 9926 --- [main] o.s.b.a.e.mvc.EndpointHandlerMapping     : Mapped "{[/refresh || /refresh.json],methods=[POST]}" onto public java.lang.Object org.springframework.cloud.endpoint.GenericPostableMvcEndpoint.invoke()
2016-08-03 11:59:07.100  INFO [consumer,,,] 9926 --- [main] o.s.b.a.e.mvc.EndpointHandlerMapping     : Mapped "{[/configprops || /configprops.json],methods=[GET],produces=[application/json]}" onto public java.lang.Object org.springframework.boot.actuate.endpoint.mvc.EndpointMvcAdapter.invoke()
2016-08-03 11:59:07.101  INFO [consumer,,,] 9926 --- [main] o.s.b.a.e.mvc.EndpointHandlerMapping     : Mapped "{[/resume || /resume.json],methods=[POST]}" onto public java.lang.Object org.springframework.cloud.endpoint.GenericPostableMvcEndpoint.invoke()
2016-08-03 11:59:07.101  INFO [consumer,,,] 9926 --- [main] o.s.b.a.e.mvc.EndpointHandlerMapping     : Mapped "{[/autoconfig || /autoconfig.json],methods=[GET],produces=[application/json]}" onto public java.lang.Object org.springframework.boot.actuate.endpoint.mvc.EndpointMvcAdapter.invoke()
2016-08-03 11:59:07.102  INFO [consumer,,,] 9926 --- [main] o.s.b.a.e.mvc.EndpointHandlerMapping     : Mapped "{[/metrics/{name:.*}],methods=[GET],produces=[application/json]}" onto public java.lang.Object org.springframework.boot.actuate.endpoint.mvc.MetricsMvcEndpoint.value(java.lang.String)
2016-08-03 11:59:07.102  INFO [consumer,,,] 9926 --- [main] o.s.b.a.e.mvc.EndpointHandlerMapping     : Mapped "{[/metrics || /metrics.json],methods=[GET],produces=[application/json]}" onto public java.lang.Object org.springframework.boot.actuate.endpoint.mvc.EndpointMvcAdapter.invoke()
2016-08-03 11:59:07.102  INFO [consumer,,,] 9926 --- [main] o.s.b.a.e.mvc.EndpointHandlerMapping     : Mapped "{[/logfile || /logfile.json],methods=[GET || HEAD]}" onto public void org.springframework.boot.actuate.endpoint.mvc.LogFileMvcEndpoint.invoke(javax.servlet.http.HttpServletRequest,javax.servlet.http.HttpServletResponse) throws javax.servlet.ServletException,java.io.IOException
2016-08-03 11:59:07.103  INFO [consumer,,,] 9926 --- [main] o.s.b.a.e.mvc.EndpointHandlerMapping     : Mapped "{[/mappings || /mappings.json],methods=[GET],produces=[application/json]}" onto public java.lang.Object org.springframework.boot.actuate.endpoint.mvc.EndpointMvcAdapter.invoke()
2016-08-03 11:59:07.103  INFO [consumer,,,] 9926 --- [main] o.s.b.a.e.mvc.EndpointHandlerMapping     : Mapped "{[/info || /info.json],methods=[GET],produces=[application/json]}" onto public java.lang.Object org.springframework.boot.actuate.endpoint.mvc.EndpointMvcAdapter.invoke()
2016-08-03 11:59:07.104  INFO [consumer,,,] 9926 --- [main] o.s.b.a.e.mvc.EndpointHandlerMapping     : Mapped "{[/restart || /restart.json],methods=[POST]}" onto public java.lang.Object org.springframework.cloud.context.restart.RestartMvcEndpoint.invoke()
2016-08-03 11:59:07.104  INFO [consumer,,,] 9926 --- [main] o.s.b.a.e.mvc.EndpointHandlerMapping     : Mapped "{[/beans || /beans.json],methods=[GET],produces=[application/json]}" onto public java.lang.Object org.springframework.boot.actuate.endpoint.mvc.EndpointMvcAdapter.invoke()
2016-08-03 11:59:07.219  INFO [consumer,,,] 9926 --- [main] o.s.s.c.ThreadPoolTaskScheduler          : Initializing ExecutorService 
2016-08-03 11:59:07.303  INFO [consumer,,,] 9926 --- [main] o.s.j.e.a.AnnotationMBeanExporter        : Registering beans for JMX exposure on startup
2016-08-03 11:59:07.311  INFO [consumer,,,] 9926 --- [main] o.s.j.e.a.AnnotationMBeanExporter        : Bean with name 'configurationPropertiesRebinder' has been autodetected for JMX exposure
2016-08-03 11:59:07.313  INFO [consumer,,,] 9926 --- [main] o.s.j.e.a.AnnotationMBeanExporter        : Bean with name 'refreshEndpoint' has been autodetected for JMX exposure
2016-08-03 11:59:07.316  INFO [consumer,,,] 9926 --- [main] o.s.j.e.a.AnnotationMBeanExporter        : Bean with name 'restartEndpoint' has been autodetected for JMX exposure
2016-08-03 11:59:07.318  INFO [consumer,,,] 9926 --- [main] o.s.j.e.a.AnnotationMBeanExporter        : Bean with name 'refreshScope' has been autodetected for JMX exposure
2016-08-03 11:59:07.319  INFO [consumer,,,] 9926 --- [main] o.s.j.e.a.AnnotationMBeanExporter        : Bean with name 'environmentManager' has been autodetected for JMX exposure
2016-08-03 11:59:07.324  INFO [consumer,,,] 9926 --- [main] o.s.j.e.a.AnnotationMBeanExporter        : Located managed bean 'environmentManager': registering with JMX server as MBean [org.springframework.cloud.context.environment:name=environmentManager,type=EnvironmentManager]
2016-08-03 11:59:07.337  INFO [consumer,,,] 9926 --- [main] o.s.j.e.a.AnnotationMBeanExporter        : Located managed bean 'restartEndpoint': registering with JMX server as MBean [org.springframework.cloud.context.restart:name=restartEndpoint,type=RestartEndpoint]
2016-08-03 11:59:07.347  INFO [consumer,,,] 9926 --- [main] o.s.j.e.a.AnnotationMBeanExporter        : Located managed bean 'refreshScope': registering with JMX server as MBean [org.springframework.cloud.context.scope.refresh:name=refreshScope,type=RefreshScope]
2016-08-03 11:59:07.356  INFO [consumer,,,] 9926 --- [main] o.s.j.e.a.AnnotationMBeanExporter        : Located managed bean 'configurationPropertiesRebinder': registering with JMX server as MBean [org.springframework.cloud.context.properties:name=configurationPropertiesRebinder,context=57ad2aa7,type=ConfigurationPropertiesRebinder]
2016-08-03 11:59:07.366  INFO [consumer,,,] 9926 --- [main] o.s.j.e.a.AnnotationMBeanExporter        : Located managed bean 'refreshEndpoint': registering with JMX server as MBean [org.springframework.cloud.endpoint:name=refreshEndpoint,type=RefreshEndpoint]
2016-08-03 11:59:07.499  INFO [consumer,,,] 9926 --- [main] o.s.c.support.DefaultLifecycleProcessor  : Starting beans in phase 0
2016-08-03 11:59:07.611  INFO [consumer,,,] 9926 --- [main] s.b.c.e.t.TomcatEmbeddedServletContainer : Tomcat started on port(s): 8082 (http)
2016-08-03 11:59:07.623  INFO [consumer,,,] 9926 --- [main] fr.talend.logs.Consumer                  : Started Consumer in 8.892 seconds (JVM running for 9.969)
2016-08-03 11:59:36.175  INFO [consumer,,,] 9926 --- [http-nio-8082-exec-1] o.a.c.c.C.[Tomcat].[localhost].[/]       : Initializing Spring FrameworkServlet 'dispatcherServlet'
2016-08-03 11:59:36.176  INFO [consumer,,,] 9926 --- [http-nio-8082-exec-1] o.s.web.servlet.DispatcherServlet        : FrameworkServlet 'dispatcherServlet': initialization started
2016-08-03 11:59:36.194  INFO [consumer,,,] 9926 --- [http-nio-8082-exec-1] o.s.web.servlet.DispatcherServlet        : FrameworkServlet 'dispatcherServlet': initialization completed in 18 ms
2016-08-03 11:59:36.251  INFO [consumer,75d92c6ed19dd35f,cf8d20472e9aff2c,true] 9926 --- [http-nio-8082-exec-1] fr.talend.logs.filter.LoggerFilter       : Request JSON Content - body content : {"id":1,"firstname":"Jules","lastname":"Teulade"}
2016-08-03 11:59:36.346  INFO [consumer,75d92c6ed19dd35f,cf8d20472e9aff2c,true] 9926 --- [http-nio-8082-exec-1] f.t.l.c.MessageConsumerRestController    : RequestBody - lastname : Teulade
2016-08-03 12:02:08.117  INFO [consumer,,,] 9926 --- [Thread-3] ationConfigEmbeddedWebApplicationContext : Closing org.springframework.boot.context.embedded.AnnotationConfigEmbeddedWebApplicationContext@57ad2aa7: startup date [Wed Aug 03 11:59:01 CEST 2016]; parent: org.springframework.context.annotation.AnnotationConfigApplicationContext@7a52f2a2
2016-08-03 12:02:08.119  INFO [consumer,,,] 9926 --- [Thread-3] o.s.c.support.DefaultLifecycleProcessor  : Stopping beans in phase 0
2016-08-03 12:02:08.125  INFO [consumer,,,] 9926 --- [Thread-3] o.s.j.e.a.AnnotationMBeanExporter        : Unregistering JMX-exposed beans on shutdown
2016-08-03 12:02:08.126  INFO [consumer,,,] 9926 --- [Thread-3] o.s.j.e.a.AnnotationMBeanExporter        : Unregistering JMX-exposed beans
2016-08-03 13:22:31.204  INFO [consumer,,,] 13186 --- [main] fr.talend.logs.Consumer                  : No active profile set, falling back to default profiles: default
2016-08-03 13:22:31.232  INFO [consumer,,,] 13186 --- [main] ationConfigEmbeddedWebApplicationContext : Refreshing org.springframework.boot.context.embedded.AnnotationConfigEmbeddedWebApplicationContext@55cf0d14: startup date [Wed Aug 03 13:22:31 CEST 2016]; parent: org.springframework.context.annotation.AnnotationConfigApplicationContext@7a52f2a2
2016-08-03 13:22:32.047  WARN [consumer,,,] 13186 --- [main] o.s.c.a.ConfigurationClassPostProcessor  : Cannot enhance @Configuration bean definition 'refreshScope' since its singleton instance has been created too early. The typical cause is a non-static @Bean method with a BeanDefinitionRegistryPostProcessor return type: Consider declaring such methods as 'static'.
2016-08-03 13:22:32.206  INFO [consumer,,,] 13186 --- [main] o.s.cloud.context.scope.GenericScope     : BeanFactory id=b72bcf1e-7f6d-3877-b2f3-9c03ed639b1f
2016-08-03 13:22:32.239  INFO [consumer,,,] 13186 --- [main] trationDelegate$BeanPostProcessorChecker : Bean 'org.springframework.cloud.sleuth.instrument.async.AsyncDefaultAutoConfiguration$DefaultAsyncConfigurerSupport' of type [class org.springframework.cloud.sleuth.instrument.async.AsyncDefaultAutoConfiguration$DefaultAsyncConfigurerSupport$$EnhancerBySpringCGLIB$$841aab9e] is not eligible for getting processed by all BeanPostProcessors (for example: not eligible for auto-proxying)
2016-08-03 13:22:32.487  INFO [consumer,,,] 13186 --- [main] trationDelegate$BeanPostProcessorChecker : Bean 'org.springframework.cloud.autoconfigure.ConfigurationPropertiesRebinderAutoConfiguration' of type [class org.springframework.cloud.autoconfigure.ConfigurationPropertiesRebinderAutoConfiguration$$EnhancerBySpringCGLIB$$62f310d8] is not eligible for getting processed by all BeanPostProcessors (for example: not eligible for auto-proxying)
2016-08-03 13:22:32.509  INFO [consumer,,,] 13186 --- [main] trationDelegate$BeanPostProcessorChecker : Bean 'org.springframework.cloud.autoconfigure.RefreshEndpointAutoConfiguration' of type [class org.springframework.cloud.autoconfigure.RefreshEndpointAutoConfiguration$$EnhancerBySpringCGLIB$$c5212ce] is not eligible for getting processed by all BeanPostProcessors (for example: not eligible for auto-proxying)
2016-08-03 13:22:32.946  INFO [consumer,,,] 13186 --- [main] s.b.c.e.t.TomcatEmbeddedServletContainer : Tomcat initialized with port(s): 8082 (http)
2016-08-03 13:22:32.957  INFO [consumer,,,] 13186 --- [main] o.apache.catalina.core.StandardService   : Starting service Tomcat
2016-08-03 13:22:32.959  INFO [consumer,,,] 13186 --- [main] org.apache.catalina.core.StandardEngine  : Starting Servlet Engine: Apache Tomcat/8.0.33
2016-08-03 13:22:33.109  INFO [consumer,,,] 13186 --- [localhost-startStop-1] o.a.c.c.C.[Tomcat].[localhost].[/]       : Initializing Spring embedded WebApplicationContext
2016-08-03 13:22:33.109  INFO [consumer,,,] 13186 --- [localhost-startStop-1] o.s.web.context.ContextLoader            : Root WebApplicationContext: initialization completed in 1877 ms
2016-08-03 13:22:34.263  INFO [consumer,,,] 13186 --- [localhost-startStop-1] o.s.b.c.e.ServletRegistrationBean        : Mapping servlet: 'dispatcherServlet' to [/]
2016-08-03 13:22:34.266  INFO [consumer,,,] 13186 --- [localhost-startStop-1] o.s.b.c.embedded.FilterRegistrationBean  : Mapping filter: 'metricFilter' to: [/*]
2016-08-03 13:22:34.267  INFO [consumer,,,] 13186 --- [localhost-startStop-1] o.s.b.c.embedded.FilterRegistrationBean  : Mapping filter: 'characterEncodingFilter' to: [/*]
2016-08-03 13:22:34.267  INFO [consumer,,,] 13186 --- [localhost-startStop-1] o.s.b.c.embedded.FilterRegistrationBean  : Mapping filter: 'traceFilter' to: [/*]
2016-08-03 13:22:34.267  INFO [consumer,,,] 13186 --- [localhost-startStop-1] o.s.b.c.embedded.FilterRegistrationBean  : Mapping filter: 'hiddenHttpMethodFilter' to: [/*]
2016-08-03 13:22:34.267  INFO [consumer,,,] 13186 --- [localhost-startStop-1] o.s.b.c.embedded.FilterRegistrationBean  : Mapping filter: 'httpPutFormContentFilter' to: [/*]
2016-08-03 13:22:34.267  INFO [consumer,,,] 13186 --- [localhost-startStop-1] o.s.b.c.embedded.FilterRegistrationBean  : Mapping filter: 'requestContextFilter' to: [/*]
2016-08-03 13:22:34.267  INFO [consumer,,,] 13186 --- [localhost-startStop-1] o.s.b.c.embedded.FilterRegistrationBean  : Mapping filter: 'webRequestLoggingFilter' to: [/*]
2016-08-03 13:22:34.267  INFO [consumer,,,] 13186 --- [localhost-startStop-1] o.s.b.c.embedded.FilterRegistrationBean  : Mapping filter: 'loggerFilter' to: [/*]
2016-08-03 13:22:34.268  INFO [consumer,,,] 13186 --- [localhost-startStop-1] o.s.b.c.embedded.FilterRegistrationBean  : Mapping filter: 'applicationContextIdFilter' to: [/*]
2016-08-03 13:22:34.600  INFO [consumer,,,] 13186 --- [main] s.w.s.m.m.a.RequestMappingHandlerAdapter : Looking for @ControllerAdvice: org.springframework.boot.context.embedded.AnnotationConfigEmbeddedWebApplicationContext@55cf0d14: startup date [Wed Aug 03 13:22:31 CEST 2016]; parent: org.springframework.context.annotation.AnnotationConfigApplicationContext@7a52f2a2
2016-08-03 13:22:34.721  INFO [consumer,,,] 13186 --- [main] s.w.s.m.m.a.RequestMappingHandlerMapping : Mapped "{[/person],methods=[POST]}" onto public void fr.talend.logs.controller.MessageConsumerRestController.addPerson(fr.talend.logs.model.Person)
2016-08-03 13:22:34.730  INFO [consumer,,,] 13186 --- [main] s.w.s.m.m.a.RequestMappingHandlerMapping : Mapped "{[/error],produces=[text/html]}" onto public org.springframework.web.servlet.ModelAndView org.springframework.boot.autoconfigure.web.BasicErrorController.errorHtml(javax.servlet.http.HttpServletRequest,javax.servlet.http.HttpServletResponse)
2016-08-03 13:22:34.730  INFO [consumer,,,] 13186 --- [main] s.w.s.m.m.a.RequestMappingHandlerMapping : Mapped "{[/error]}" onto public org.springframework.http.ResponseEntity<java.util.Map<java.lang.String, java.lang.Object>> org.springframework.boot.autoconfigure.web.BasicErrorController.error(javax.servlet.http.HttpServletRequest)
2016-08-03 13:22:34.816  INFO [consumer,,,] 13186 --- [main] o.s.w.s.handler.SimpleUrlHandlerMapping  : Mapped URL path [/webjars/**] onto handler of type [class org.springframework.web.servlet.resource.ResourceHttpRequestHandler]
2016-08-03 13:22:34.817  INFO [consumer,,,] 13186 --- [main] o.s.w.s.handler.SimpleUrlHandlerMapping  : Mapped URL path [/**] onto handler of type [class org.springframework.web.servlet.resource.ResourceHttpRequestHandler]
2016-08-03 13:22:34.890  INFO [consumer,,,] 13186 --- [main] o.s.w.s.handler.SimpleUrlHandlerMapping  : Mapped URL path [/**/favicon.ico] onto handler of type [class org.springframework.web.servlet.resource.ResourceHttpRequestHandler]
2016-08-03 13:22:35.599  INFO [consumer,,,] 13186 --- [main] o.s.b.a.e.mvc.EndpointHandlerMapping     : Mapped "{[/pause || /pause.json],methods=[POST]}" onto public java.lang.Object org.springframework.cloud.endpoint.GenericPostableMvcEndpoint.invoke()
2016-08-03 13:22:35.600  INFO [consumer,,,] 13186 --- [main] o.s.b.a.e.mvc.EndpointHandlerMapping     : Mapped "{[/metrics/{name:.*}],methods=[GET],produces=[application/json]}" onto public java.lang.Object org.springframework.boot.actuate.endpoint.mvc.MetricsMvcEndpoint.value(java.lang.String)
2016-08-03 13:22:35.600  INFO [consumer,,,] 13186 --- [main] o.s.b.a.e.mvc.EndpointHandlerMapping     : Mapped "{[/metrics || /metrics.json],methods=[GET],produces=[application/json]}" onto public java.lang.Object org.springframework.boot.actuate.endpoint.mvc.EndpointMvcAdapter.invoke()
2016-08-03 13:22:35.601  INFO [consumer,,,] 13186 --- [main] o.s.b.a.e.mvc.EndpointHandlerMapping     : Mapped "{[/logfile || /logfile.json],methods=[GET || HEAD]}" onto public void org.springframework.boot.actuate.endpoint.mvc.LogFileMvcEndpoint.invoke(javax.servlet.http.HttpServletRequest,javax.servlet.http.HttpServletResponse) throws javax.servlet.ServletException,java.io.IOException
2016-08-03 13:22:35.601  INFO [consumer,,,] 13186 --- [main] o.s.b.a.e.mvc.EndpointHandlerMapping     : Mapped "{[/env],methods=[POST]}" onto public java.lang.Object org.springframework.cloud.context.environment.EnvironmentManagerMvcEndpoint.value(java.util.Map<java.lang.String, java.lang.String>)
2016-08-03 13:22:35.601  INFO [consumer,,,] 13186 --- [main] o.s.b.a.e.mvc.EndpointHandlerMapping     : Mapped "{[/env/reset],methods=[POST]}" onto public java.util.Map<java.lang.String, java.lang.Object> org.springframework.cloud.context.environment.EnvironmentManagerMvcEndpoint.reset()
2016-08-03 13:22:35.604  INFO [consumer,,,] 13186 --- [main] o.s.b.a.e.mvc.EndpointHandlerMapping     : Mapped "{[/info || /info.json],methods=[GET],produces=[application/json]}" onto public java.lang.Object org.springframework.boot.actuate.endpoint.mvc.EndpointMvcAdapter.invoke()
2016-08-03 13:22:35.605  INFO [consumer,,,] 13186 --- [main] o.s.b.a.e.mvc.EndpointHandlerMapping     : Mapped "{[/restart || /restart.json],methods=[POST]}" onto public java.lang.Object org.springframework.cloud.context.restart.RestartMvcEndpoint.invoke()
2016-08-03 13:22:35.605  INFO [consumer,,,] 13186 --- [main] o.s.b.a.e.mvc.EndpointHandlerMapping     : Mapped "{[/configprops || /configprops.json],methods=[GET],produces=[application/json]}" onto public java.lang.Object org.springframework.boot.actuate.endpoint.mvc.EndpointMvcAdapter.invoke()
2016-08-03 13:22:35.606  INFO [consumer,,,] 13186 --- [main] o.s.b.a.e.mvc.EndpointHandlerMapping     : Mapped "{[/beans || /beans.json],methods=[GET],produces=[application/json]}" onto public java.lang.Object org.springframework.boot.actuate.endpoint.mvc.EndpointMvcAdapter.invoke()
2016-08-03 13:22:35.606  INFO [consumer,,,] 13186 --- [main] o.s.b.a.e.mvc.EndpointHandlerMapping     : Mapped "{[/refresh || /refresh.json],methods=[POST]}" onto public java.lang.Object org.springframework.cloud.endpoint.GenericPostableMvcEndpoint.invoke()
2016-08-03 13:22:35.607  INFO [consumer,,,] 13186 --- [main] o.s.b.a.e.mvc.EndpointHandlerMapping     : Mapped "{[/resume || /resume.json],methods=[POST]}" onto public java.lang.Object org.springframework.cloud.endpoint.GenericPostableMvcEndpoint.invoke()
2016-08-03 13:22:35.607  INFO [consumer,,,] 13186 --- [main] o.s.b.a.e.mvc.EndpointHandlerMapping     : Mapped "{[/trace || /trace.json],methods=[GET],produces=[application/json]}" onto public java.lang.Object org.springframework.boot.actuate.endpoint.mvc.EndpointMvcAdapter.invoke()
2016-08-03 13:22:35.608  INFO [consumer,,,] 13186 --- [main] o.s.b.a.e.mvc.EndpointHandlerMapping     : Mapped "{[/env/{name:.*}],methods=[GET],produces=[application/json]}" onto public java.lang.Object org.springframework.boot.actuate.endpoint.mvc.EnvironmentMvcEndpoint.value(java.lang.String)
2016-08-03 13:22:35.608  INFO [consumer,,,] 13186 --- [main] o.s.b.a.e.mvc.EndpointHandlerMapping     : Mapped "{[/env || /env.json],methods=[GET],produces=[application/json]}" onto public java.lang.Object org.springframework.boot.actuate.endpoint.mvc.EndpointMvcAdapter.invoke()
2016-08-03 13:22:35.608  INFO [consumer,,,] 13186 --- [main] o.s.b.a.e.mvc.EndpointHandlerMapping     : Mapped "{[/autoconfig || /autoconfig.json],methods=[GET],produces=[application/json]}" onto public java.lang.Object org.springframework.boot.actuate.endpoint.mvc.EndpointMvcAdapter.invoke()
2016-08-03 13:22:35.609  INFO [consumer,,,] 13186 --- [main] o.s.b.a.e.mvc.EndpointHandlerMapping     : Mapped "{[/dump || /dump.json],methods=[GET],produces=[application/json]}" onto public java.lang.Object org.springframework.boot.actuate.endpoint.mvc.EndpointMvcAdapter.invoke()
2016-08-03 13:22:35.610  INFO [consumer,,,] 13186 --- [main] o.s.b.a.e.mvc.EndpointHandlerMapping     : Mapped "{[/mappings || /mappings.json],methods=[GET],produces=[application/json]}" onto public java.lang.Object org.springframework.boot.actuate.endpoint.mvc.EndpointMvcAdapter.invoke()
2016-08-03 13:22:35.611  INFO [consumer,,,] 13186 --- [main] o.s.b.a.e.mvc.EndpointHandlerMapping     : Mapped "{[/health || /health.json],produces=[application/json]}" onto public java.lang.Object org.springframework.boot.actuate.endpoint.mvc.HealthMvcEndpoint.invoke(java.security.Principal)
2016-08-03 13:22:35.754  INFO [consumer,,,] 13186 --- [main] o.s.s.c.ThreadPoolTaskScheduler          : Initializing ExecutorService 
2016-08-03 13:22:35.938  INFO [consumer,,,] 13186 --- [main] o.s.j.e.a.AnnotationMBeanExporter        : Registering beans for JMX exposure on startup
2016-08-03 13:22:35.954  INFO [consumer,,,] 13186 --- [main] o.s.j.e.a.AnnotationMBeanExporter        : Bean with name 'configurationPropertiesRebinder' has been autodetected for JMX exposure
2016-08-03 13:22:35.954  INFO [consumer,,,] 13186 --- [main] o.s.j.e.a.AnnotationMBeanExporter        : Bean with name 'refreshEndpoint' has been autodetected for JMX exposure
2016-08-03 13:22:35.955  INFO [consumer,,,] 13186 --- [main] o.s.j.e.a.AnnotationMBeanExporter        : Bean with name 'restartEndpoint' has been autodetected for JMX exposure
2016-08-03 13:22:35.956  INFO [consumer,,,] 13186 --- [main] o.s.j.e.a.AnnotationMBeanExporter        : Bean with name 'refreshScope' has been autodetected for JMX exposure
2016-08-03 13:22:35.958  INFO [consumer,,,] 13186 --- [main] o.s.j.e.a.AnnotationMBeanExporter        : Bean with name 'environmentManager' has been autodetected for JMX exposure
2016-08-03 13:22:35.965  INFO [consumer,,,] 13186 --- [main] o.s.j.e.a.AnnotationMBeanExporter        : Located managed bean 'environmentManager': registering with JMX server as MBean [org.springframework.cloud.context.environment:name=environmentManager,type=EnvironmentManager]
2016-08-03 13:22:35.988  INFO [consumer,,,] 13186 --- [main] o.s.j.e.a.AnnotationMBeanExporter        : Located managed bean 'restartEndpoint': registering with JMX server as MBean [org.springframework.cloud.context.restart:name=restartEndpoint,type=RestartEndpoint]
2016-08-03 13:22:36.017  INFO [consumer,,,] 13186 --- [main] o.s.j.e.a.AnnotationMBeanExporter        : Located managed bean 'refreshScope': registering with JMX server as MBean [org.springframework.cloud.context.scope.refresh:name=refreshScope,type=RefreshScope]
2016-08-03 13:22:36.025  INFO [consumer,,,] 13186 --- [main] o.s.j.e.a.AnnotationMBeanExporter        : Located managed bean 'configurationPropertiesRebinder': registering with JMX server as MBean [org.springframework.cloud.context.properties:name=configurationPropertiesRebinder,context=55cf0d14,type=ConfigurationPropertiesRebinder]
2016-08-03 13:22:36.031  INFO [consumer,,,] 13186 --- [main] o.s.j.e.a.AnnotationMBeanExporter        : Located managed bean 'refreshEndpoint': registering with JMX server as MBean [org.springframework.cloud.endpoint:name=refreshEndpoint,type=RefreshEndpoint]
2016-08-03 13:22:36.188  INFO [consumer,,,] 13186 --- [main] o.s.c.support.DefaultLifecycleProcessor  : Starting beans in phase 0
2016-08-03 13:22:36.320  INFO [consumer,,,] 13186 --- [main] s.b.c.e.t.TomcatEmbeddedServletContainer : Tomcat started on port(s): 8082 (http)
2016-08-03 13:22:36.324  INFO [consumer,,,] 13186 --- [main] fr.talend.logs.Consumer                  : Started Consumer in 6.839 seconds (JVM running for 7.62)
2016-08-03 13:22:41.845  INFO [consumer,,,] 13186 --- [http-nio-8082-exec-1] o.a.c.c.C.[Tomcat].[localhost].[/]       : Initializing Spring FrameworkServlet 'dispatcherServlet'
2016-08-03 13:22:41.845  INFO [consumer,,,] 13186 --- [http-nio-8082-exec-1] o.s.web.servlet.DispatcherServlet        : FrameworkServlet 'dispatcherServlet': initialization started
2016-08-03 13:22:41.890  INFO [consumer,,,] 13186 --- [http-nio-8082-exec-1] o.s.web.servlet.DispatcherServlet        : FrameworkServlet 'dispatcherServlet': initialization completed in 45 ms
2016-08-03 13:22:41.932  INFO [consumer,44d84df196295810,a1b9fafc8715fd09,true] 13186 --- [http-nio-8082-exec-1] fr.talend.logs.filter.LoggerFilter       : Request JSON Content - body content : {"id":1,"firstname":"Vincent","lastname":"LE SQUERE"}
2016-08-03 13:22:42.078  INFO [consumer,44d84df196295810,a1b9fafc8715fd09,true] 13186 --- [http-nio-8082-exec-1] f.t.l.c.MessageConsumerRestController    : RequestBody - lastname : LE SQUERE
2016-08-03 13:23:08.999  INFO [consumer,,,] 13186 --- [Thread-3] ationConfigEmbeddedWebApplicationContext : Closing org.springframework.boot.context.embedded.AnnotationConfigEmbeddedWebApplicationContext@55cf0d14: startup date [Wed Aug 03 13:22:31 CEST 2016]; parent: org.springframework.context.annotation.AnnotationConfigApplicationContext@7a52f2a2
2016-08-03 13:23:09.000  INFO [consumer,,,] 13186 --- [Thread-3] o.s.c.support.DefaultLifecycleProcessor  : Stopping beans in phase 0
2016-08-03 13:23:09.008  INFO [consumer,,,] 13186 --- [Thread-3] o.s.j.e.a.AnnotationMBeanExporter        : Unregistering JMX-exposed beans on shutdown
2016-08-03 13:23:09.010  INFO [consumer,,,] 13186 --- [Thread-3] o.s.j.e.a.AnnotationMBeanExporter        : Unregistering JMX-exposed beans
2016-08-27 15:08:48.926  INFO [consumer,,,] 12263 --- [main] fr.talend.logs.Consumer                  : No active profile set, falling back to default profiles: default
2016-08-27 15:08:48.953  INFO [consumer,,,] 12263 --- [main] ationConfigEmbeddedWebApplicationContext : Refreshing org.springframework.boot.context.embedded.AnnotationConfigEmbeddedWebApplicationContext@934b6cb: startup date [Sat Aug 27 15:08:48 CEST 2016]; parent: org.springframework.context.annotation.AnnotationConfigApplicationContext@7a52f2a2
2016-08-27 15:08:49.581  WARN [consumer,,,] 12263 --- [main] o.s.c.a.ConfigurationClassPostProcessor  : Cannot enhance @Configuration bean definition 'refreshScope' since its singleton instance has been created too early. The typical cause is a non-static @Bean method with a BeanDefinitionRegistryPostProcessor return type: Consider declaring such methods as 'static'.
2016-08-27 15:08:49.704  INFO [consumer,,,] 12263 --- [main] o.s.cloud.context.scope.GenericScope     : BeanFactory id=b72bcf1e-7f6d-3877-b2f3-9c03ed639b1f
2016-08-27 15:08:49.727  INFO [consumer,,,] 12263 --- [main] trationDelegate$BeanPostProcessorChecker : Bean 'org.springframework.cloud.sleuth.instrument.async.AsyncDefaultAutoConfiguration$DefaultAsyncConfigurerSupport' of type [class org.springframework.cloud.sleuth.instrument.async.AsyncDefaultAutoConfiguration$DefaultAsyncConfigurerSupport$$EnhancerBySpringCGLIB$$841aab9e] is not eligible for getting processed by all BeanPostProcessors (for example: not eligible for auto-proxying)
2016-08-27 15:08:49.967  INFO [consumer,,,] 12263 --- [main] trationDelegate$BeanPostProcessorChecker : Bean 'org.springframework.cloud.autoconfigure.ConfigurationPropertiesRebinderAutoConfiguration' of type [class org.springframework.cloud.autoconfigure.ConfigurationPropertiesRebinderAutoConfiguration$$EnhancerBySpringCGLIB$$62f310d8] is not eligible for getting processed by all BeanPostProcessors (for example: not eligible for auto-proxying)
2016-08-27 15:08:49.986  INFO [consumer,,,] 12263 --- [main] trationDelegate$BeanPostProcessorChecker : Bean 'org.springframework.cloud.autoconfigure.RefreshEndpointAutoConfiguration' of type [class org.springframework.cloud.autoconfigure.RefreshEndpointAutoConfiguration$$EnhancerBySpringCGLIB$$c5212ce] is not eligible for getting processed by all BeanPostProcessors (for example: not eligible for auto-proxying)
2016-08-27 15:08:50.308  INFO [consumer,,,] 12263 --- [main] s.b.c.e.t.TomcatEmbeddedServletContainer : Tomcat initialized with port(s): 8082 (http)
2016-08-27 15:08:50.322  INFO [consumer,,,] 12263 --- [main] o.apache.catalina.core.StandardService   : Starting service Tomcat
2016-08-27 15:08:50.324  INFO [consumer,,,] 12263 --- [main] org.apache.catalina.core.StandardEngine  : Starting Servlet Engine: Apache Tomcat/8.0.33
2016-08-27 15:08:50.415  INFO [consumer,,,] 12263 --- [localhost-startStop-1] o.a.c.c.C.[Tomcat].[localhost].[/]       : Initializing Spring embedded WebApplicationContext
2016-08-27 15:08:50.415  INFO [consumer,,,] 12263 --- [localhost-startStop-1] o.s.web.context.ContextLoader            : Root WebApplicationContext: initialization completed in 1462 ms
2016-08-27 15:08:51.551  INFO [consumer,,,] 12263 --- [localhost-startStop-1] o.s.b.c.e.ServletRegistrationBean        : Mapping servlet: 'dispatcherServlet' to [/]
2016-08-27 15:08:51.555  INFO [consumer,,,] 12263 --- [localhost-startStop-1] o.s.b.c.embedded.FilterRegistrationBean  : Mapping filter: 'metricFilter' to: [/*]
2016-08-27 15:08:51.556  INFO [consumer,,,] 12263 --- [localhost-startStop-1] o.s.b.c.embedded.FilterRegistrationBean  : Mapping filter: 'characterEncodingFilter' to: [/*]
2016-08-27 15:08:51.556  INFO [consumer,,,] 12263 --- [localhost-startStop-1] o.s.b.c.embedded.FilterRegistrationBean  : Mapping filter: 'traceFilter' to: [/*]
2016-08-27 15:08:51.556  INFO [consumer,,,] 12263 --- [localhost-startStop-1] o.s.b.c.embedded.FilterRegistrationBean  : Mapping filter: 'hiddenHttpMethodFilter' to: [/*]
2016-08-27 15:08:51.556  INFO [consumer,,,] 12263 --- [localhost-startStop-1] o.s.b.c.embedded.FilterRegistrationBean  : Mapping filter: 'httpPutFormContentFilter' to: [/*]
2016-08-27 15:08:51.556  INFO [consumer,,,] 12263 --- [localhost-startStop-1] o.s.b.c.embedded.FilterRegistrationBean  : Mapping filter: 'requestContextFilter' to: [/*]
2016-08-27 15:08:51.556  INFO [consumer,,,] 12263 --- [localhost-startStop-1] o.s.b.c.embedded.FilterRegistrationBean  : Mapping filter: 'webRequestLoggingFilter' to: [/*]
2016-08-27 15:08:51.556  INFO [consumer,,,] 12263 --- [localhost-startStop-1] o.s.b.c.embedded.FilterRegistrationBean  : Mapping filter: 'loggerFilter' to: [/*]
2016-08-27 15:08:51.556  INFO [consumer,,,] 12263 --- [localhost-startStop-1] o.s.b.c.embedded.FilterRegistrationBean  : Mapping filter: 'applicationContextIdFilter' to: [/*]
2016-08-27 15:08:51.773  INFO [consumer,,,] 12263 --- [main] s.w.s.m.m.a.RequestMappingHandlerAdapter : Looking for @ControllerAdvice: org.springframework.boot.context.embedded.AnnotationConfigEmbeddedWebApplicationContext@934b6cb: startup date [Sat Aug 27 15:08:48 CEST 2016]; parent: org.springframework.context.annotation.AnnotationConfigApplicationContext@7a52f2a2
2016-08-27 15:08:51.851  INFO [consumer,,,] 12263 --- [main] s.w.s.m.m.a.RequestMappingHandlerMapping : Mapped "{[/person],methods=[POST]}" onto public void fr.talend.logs.controller.MessageConsumerRestController.addPerson(fr.talend.logs.model.Person)
2016-08-27 15:08:51.852  INFO [consumer,,,] 12263 --- [main] s.w.s.m.m.a.RequestMappingHandlerMapping : Mapped "{[/error],produces=[text/html]}" onto public org.springframework.web.servlet.ModelAndView org.springframework.boot.autoconfigure.web.BasicErrorController.errorHtml(javax.servlet.http.HttpServletRequest,javax.servlet.http.HttpServletResponse)
2016-08-27 15:08:51.853  INFO [consumer,,,] 12263 --- [main] s.w.s.m.m.a.RequestMappingHandlerMapping : Mapped "{[/error]}" onto public org.springframework.http.ResponseEntity<java.util.Map<java.lang.String, java.lang.Object>> org.springframework.boot.autoconfigure.web.BasicErrorController.error(javax.servlet.http.HttpServletRequest)
2016-08-27 15:08:51.931  INFO [consumer,,,] 12263 --- [main] o.s.w.s.handler.SimpleUrlHandlerMapping  : Mapped URL path [/webjars/**] onto handler of type [class org.springframework.web.servlet.resource.ResourceHttpRequestHandler]
2016-08-27 15:08:51.931  INFO [consumer,,,] 12263 --- [main] o.s.w.s.handler.SimpleUrlHandlerMapping  : Mapped URL path [/**] onto handler of type [class org.springframework.web.servlet.resource.ResourceHttpRequestHandler]
2016-08-27 15:08:51.976  INFO [consumer,,,] 12263 --- [main] o.s.w.s.handler.SimpleUrlHandlerMapping  : Mapped URL path [/**/favicon.ico] onto handler of type [class org.springframework.web.servlet.resource.ResourceHttpRequestHandler]
2016-08-27 15:08:52.463  INFO [consumer,,,] 12263 --- [main] o.s.b.a.e.mvc.EndpointHandlerMapping     : Mapped "{[/beans || /beans.json],methods=[GET],produces=[application/json]}" onto public java.lang.Object org.springframework.boot.actuate.endpoint.mvc.EndpointMvcAdapter.invoke()
2016-08-27 15:08:52.463  INFO [consumer,,,] 12263 --- [main] o.s.b.a.e.mvc.EndpointHandlerMapping     : Mapped "{[/restart || /restart.json],methods=[POST]}" onto public java.lang.Object org.springframework.cloud.context.restart.RestartMvcEndpoint.invoke()
2016-08-27 15:08:52.464  INFO [consumer,,,] 12263 --- [main] o.s.b.a.e.mvc.EndpointHandlerMapping     : Mapped "{[/pause || /pause.json],methods=[POST]}" onto public java.lang.Object org.springframework.cloud.endpoint.GenericPostableMvcEndpoint.invoke()
2016-08-27 15:08:52.464  INFO [consumer,,,] 12263 --- [main] o.s.b.a.e.mvc.EndpointHandlerMapping     : Mapped "{[/autoconfig || /autoconfig.json],methods=[GET],produces=[application/json]}" onto public java.lang.Object org.springframework.boot.actuate.endpoint.mvc.EndpointMvcAdapter.invoke()
2016-08-27 15:08:52.466  INFO [consumer,,,] 12263 --- [main] o.s.b.a.e.mvc.EndpointHandlerMapping     : Mapped "{[/mappings || /mappings.json],methods=[GET],produces=[application/json]}" onto public java.lang.Object org.springframework.boot.actuate.endpoint.mvc.EndpointMvcAdapter.invoke()
2016-08-27 15:08:52.467  INFO [consumer,,,] 12263 --- [main] o.s.b.a.e.mvc.EndpointHandlerMapping     : Mapped "{[/dump || /dump.json],methods=[GET],produces=[application/json]}" onto public java.lang.Object org.springframework.boot.actuate.endpoint.mvc.EndpointMvcAdapter.invoke()
2016-08-27 15:08:52.467  INFO [consumer,,,] 12263 --- [main] o.s.b.a.e.mvc.EndpointHandlerMapping     : Mapped "{[/resume || /resume.json],methods=[POST]}" onto public java.lang.Object org.springframework.cloud.endpoint.GenericPostableMvcEndpoint.invoke()
2016-08-27 15:08:52.468  INFO [consumer,,,] 12263 --- [main] o.s.b.a.e.mvc.EndpointHandlerMapping     : Mapped "{[/env/{name:.*}],methods=[GET],produces=[application/json]}" onto public java.lang.Object org.springframework.boot.actuate.endpoint.mvc.EnvironmentMvcEndpoint.value(java.lang.String)
2016-08-27 15:08:52.468  INFO [consumer,,,] 12263 --- [main] o.s.b.a.e.mvc.EndpointHandlerMapping     : Mapped "{[/env || /env.json],methods=[GET],produces=[application/json]}" onto public java.lang.Object org.springframework.boot.actuate.endpoint.mvc.EndpointMvcAdapter.invoke()
2016-08-27 15:08:52.469  INFO [consumer,,,] 12263 --- [main] o.s.b.a.e.mvc.EndpointHandlerMapping     : Mapped "{[/info || /info.json],methods=[GET],produces=[application/json]}" onto public java.lang.Object org.springframework.boot.actuate.endpoint.mvc.EndpointMvcAdapter.invoke()
2016-08-27 15:08:52.469  INFO [consumer,,,] 12263 --- [main] o.s.b.a.e.mvc.EndpointHandlerMapping     : Mapped "{[/configprops || /configprops.json],methods=[GET],produces=[application/json]}" onto public java.lang.Object org.springframework.boot.actuate.endpoint.mvc.EndpointMvcAdapter.invoke()
2016-08-27 15:08:52.470  INFO [consumer,,,] 12263 --- [main] o.s.b.a.e.mvc.EndpointHandlerMapping     : Mapped "{[/env],methods=[POST]}" onto public java.lang.Object org.springframework.cloud.context.environment.EnvironmentManagerMvcEndpoint.value(java.util.Map<java.lang.String, java.lang.String>)
2016-08-27 15:08:52.470  INFO [consumer,,,] 12263 --- [main] o.s.b.a.e.mvc.EndpointHandlerMapping     : Mapped "{[/env/reset],methods=[POST]}" onto public java.util.Map<java.lang.String, java.lang.Object> org.springframework.cloud.context.environment.EnvironmentManagerMvcEndpoint.reset()
2016-08-27 15:08:52.470  INFO [consumer,,,] 12263 --- [main] o.s.b.a.e.mvc.EndpointHandlerMapping     : Mapped "{[/metrics/{name:.*}],methods=[GET],produces=[application/json]}" onto public java.lang.Object org.springframework.boot.actuate.endpoint.mvc.MetricsMvcEndpoint.value(java.lang.String)
2016-08-27 15:08:52.471  INFO [consumer,,,] 12263 --- [main] o.s.b.a.e.mvc.EndpointHandlerMapping     : Mapped "{[/metrics || /metrics.json],methods=[GET],produces=[application/json]}" onto public java.lang.Object org.springframework.boot.actuate.endpoint.mvc.EndpointMvcAdapter.invoke()
2016-08-27 15:08:52.471  INFO [consumer,,,] 12263 --- [main] o.s.b.a.e.mvc.EndpointHandlerMapping     : Mapped "{[/trace || /trace.json],methods=[GET],produces=[application/json]}" onto public java.lang.Object org.springframework.boot.actuate.endpoint.mvc.EndpointMvcAdapter.invoke()
2016-08-27 15:08:52.472  INFO [consumer,,,] 12263 --- [main] o.s.b.a.e.mvc.EndpointHandlerMapping     : Mapped "{[/refresh || /refresh.json],methods=[POST]}" onto public java.lang.Object org.springframework.cloud.endpoint.GenericPostableMvcEndpoint.invoke()
2016-08-27 15:08:52.472  INFO [consumer,,,] 12263 --- [main] o.s.b.a.e.mvc.EndpointHandlerMapping     : Mapped "{[/logfile || /logfile.json],methods=[GET || HEAD]}" onto public void org.springframework.boot.actuate.endpoint.mvc.LogFileMvcEndpoint.invoke(javax.servlet.http.HttpServletRequest,javax.servlet.http.HttpServletResponse) throws javax.servlet.ServletException,java.io.IOException
2016-08-27 15:08:52.473  INFO [consumer,,,] 12263 --- [main] o.s.b.a.e.mvc.EndpointHandlerMapping     : Mapped "{[/health || /health.json],produces=[application/json]}" onto public java.lang.Object org.springframework.boot.actuate.endpoint.mvc.HealthMvcEndpoint.invoke(java.security.Principal)
2016-08-27 15:08:52.559  INFO [consumer,,,] 12263 --- [main] o.s.s.c.ThreadPoolTaskScheduler          : Initializing ExecutorService 
2016-08-27 15:08:52.635  INFO [consumer,,,] 12263 --- [main] o.s.j.e.a.AnnotationMBeanExporter        : Registering beans for JMX exposure on startup
2016-08-27 15:08:52.643  INFO [consumer,,,] 12263 --- [main] o.s.j.e.a.AnnotationMBeanExporter        : Bean with name 'configurationPropertiesRebinder' has been autodetected for JMX exposure
2016-08-27 15:08:52.644  INFO [consumer,,,] 12263 --- [main] o.s.j.e.a.AnnotationMBeanExporter        : Bean with name 'refreshEndpoint' has been autodetected for JMX exposure
2016-08-27 15:08:52.644  INFO [consumer,,,] 12263 --- [main] o.s.j.e.a.AnnotationMBeanExporter        : Bean with name 'restartEndpoint' has been autodetected for JMX exposure
2016-08-27 15:08:52.645  INFO [consumer,,,] 12263 --- [main] o.s.j.e.a.AnnotationMBeanExporter        : Bean with name 'refreshScope' has been autodetected for JMX exposure
2016-08-27 15:08:52.645  INFO [consumer,,,] 12263 --- [main] o.s.j.e.a.AnnotationMBeanExporter        : Bean with name 'environmentManager' has been autodetected for JMX exposure
2016-08-27 15:08:52.648  INFO [consumer,,,] 12263 --- [main] o.s.j.e.a.AnnotationMBeanExporter        : Located managed bean 'environmentManager': registering with JMX server as MBean [org.springframework.cloud.context.environment:name=environmentManager,type=EnvironmentManager]
2016-08-27 15:08:52.658  INFO [consumer,,,] 12263 --- [main] o.s.j.e.a.AnnotationMBeanExporter        : Located managed bean 'restartEndpoint': registering with JMX server as MBean [org.springframework.cloud.context.restart:name=restartEndpoint,type=RestartEndpoint]
2016-08-27 15:08:52.666  INFO [consumer,,,] 12263 --- [main] o.s.j.e.a.AnnotationMBeanExporter        : Located managed bean 'refreshScope': registering with JMX server as MBean [org.springframework.cloud.context.scope.refresh:name=refreshScope,type=RefreshScope]
2016-08-27 15:08:52.672  INFO [consumer,,,] 12263 --- [main] o.s.j.e.a.AnnotationMBeanExporter        : Located managed bean 'configurationPropertiesRebinder': registering with JMX server as MBean [org.springframework.cloud.context.properties:name=configurationPropertiesRebinder,context=934b6cb,type=ConfigurationPropertiesRebinder]
2016-08-27 15:08:52.678  INFO [consumer,,,] 12263 --- [main] o.s.j.e.a.AnnotationMBeanExporter        : Located managed bean 'refreshEndpoint': registering with JMX server as MBean [org.springframework.cloud.endpoint:name=refreshEndpoint,type=RefreshEndpoint]
2016-08-27 15:08:52.782  INFO [consumer,,,] 12263 --- [main] o.s.c.support.DefaultLifecycleProcessor  : Starting beans in phase 0
2016-08-27 15:08:52.870  INFO [consumer,,,] 12263 --- [main] s.b.c.e.t.TomcatEmbeddedServletContainer : Tomcat started on port(s): 8082 (http)
2016-08-27 15:08:52.882  INFO [consumer,,,] 12263 --- [main] fr.talend.logs.Consumer                  : Started Consumer in 5.316 seconds (JVM running for 5.85)
2016-08-27 15:09:15.094  INFO [consumer,,,] 12263 --- [http-nio-8082-exec-1] o.a.c.c.C.[Tomcat].[localhost].[/]       : Initializing Spring FrameworkServlet 'dispatcherServlet'
2016-08-27 15:09:15.096  INFO [consumer,,,] 12263 --- [http-nio-8082-exec-1] o.s.web.servlet.DispatcherServlet        : FrameworkServlet 'dispatcherServlet': initialization started
2016-08-27 15:09:15.121  INFO [consumer,,,] 12263 --- [http-nio-8082-exec-1] o.s.web.servlet.DispatcherServlet        : FrameworkServlet 'dispatcherServlet': initialization completed in 24 ms
2016-08-27 15:09:15.164  INFO [consumer,3298293669f8f726,43b2d30971949376,true] 12263 --- [http-nio-8082-exec-1] fr.talend.logs.filter.LoggerFilter       : Request JSON Content - body content : {"id":1,"firstname":"Vincent","lastname":"LE SQUERE"}
2016-08-27 15:09:15.258  INFO [consumer,3298293669f8f726,43b2d30971949376,true] 12263 --- [http-nio-8082-exec-1] f.t.l.c.MessageConsumerRestController    : RequestBody - lastname : LE SQUERE
2016-08-27 15:09:49.216  INFO [consumer,,,] 12263 --- [Thread-3] ationConfigEmbeddedWebApplicationContext : Closing org.springframework.boot.context.embedded.AnnotationConfigEmbeddedWebApplicationContext@934b6cb: startup date [Sat Aug 27 15:08:48 CEST 2016]; parent: org.springframework.context.annotation.AnnotationConfigApplicationContext@7a52f2a2
2016-08-27 15:09:49.217  INFO [consumer,,,] 12263 --- [Thread-3] o.s.c.support.DefaultLifecycleProcessor  : Stopping beans in phase 0
2016-08-27 15:09:49.222  INFO [consumer,,,] 12263 --- [Thread-3] o.s.j.e.a.AnnotationMBeanExporter        : Unregistering JMX-exposed beans on shutdown
2016-08-27 15:09:49.222  INFO [consumer,,,] 12263 --- [Thread-3] o.s.j.e.a.AnnotationMBeanExporter        : Unregistering JMX-exposed beans
